*** Using Compiler 'V5.06 update 4 (build 422)', folder: 'D:\keil_uvision5_kit\keil5_5.22.0.0\ARM\ARMCC\Bin'
Build target 'ColiasSenseV4-CHENGS5-SSD'
compiling CCMRAM_DEF.c...
compiling main.c...
compiling coliasSense_UART.c...
compiling misc.c...
compiling coliasSense_Exbd.c...
..\SenseBoard\Hardware\Src\coliasSense_Exbd.c(64): warning:  #111-D: statement is unreachable
  	return 0;
..\SenseBoard\Hardware\Src\coliasSense_Exbd.c: 1 warning, 0 errors
compiling delay.c...
compiling coliasSense_Camera.c...
compiling coliasSense_MPU9250.c...
compiling RegAccess.c...
compiling stm32f4xx_it.c...
compiling coliasSense_board.c...
compiling coliasSense_interfaces.c...
compiling coliasSence_Motion.c...
..\SenseBoard\Hardware\Src\coliasSence_Motion.c(689): warning:  #111-D: statement is unreachable
  	return CoS_STATE_OK;
..\SenseBoard\Hardware\Src\coliasSence_Motion.c: 1 warning, 0 errors
compiling coliasSense_CLED.c...
compiling coliasSense_BIO.c...
compiling stm32f4xx_hal_gpio.c...
compiling stm32f4xx_hal_i2s.c...
compiling stm32f4xx_hal_dcmi.c...
compiling stm32f4xx_hal_dma.c...
compiling stm32f4xx_hal_cortex.c...
compiling stm32f4xx_hal_dcmi_ex.c...
compiling stm32f4xx_hal.c...
compiling user_terminal.c...
compiling coliasSense_LGMD.c...
..\SenseBoard\Models\Src\coliasSense_LGMD.c(481): warning:  #940-D: missing return statement at end of non-void function "Fast_LGMD" 
  }
..\SenseBoard\Models\Src\coliasSense_LGMD.c: 1 warning, 0 errors
assembling startup_stm32f427xx.s...
compiling stm32f4xx_hal_rcc.c...
compiling stm32f4xx_hal_dma_ex.c...
compiling stm32f4xx_hal_pwr.c...
compiling stm32f4xx_hal_pwr_ex.c...
compiling stm32f4xx_hal_rcc_ex.c...
compiling stm32f4xx_hal_i2s_ex.c...
compiling system_stm32f4xx.c...
compiling stm32f4xx_hal_tim_ex.c...
compiling stm32f4xx_hal_rng.c...
compiling stm32f4xx_hal_usart.c...
compiling stm32f4xx_hal_uart.c...
compiling stm32f4xx_hal_spi.c...
compiling stm32f4xx_hal_tim.c...
linking...
Program Size: Code=44688 RO-data=4756 RW-data=272 ZI-data=116664  
FromELF: creating hex file...
".\OutputJob\ColiasSenseV4.axf" - 0 Error(s), 3 Warning(s).
Build Time Elapsed:  00:00:09
